sigma 8.0
subsample_factor 20
chromatic True
galcut None
noPCA False
append None
(50, 196608)
smoothing with 8.0 deg, and chromatic True
doing PCA
/hpcgpfs01/scratch/rugvedpund/LuSEE/ml/GIS_ulsa_nside128_sigma8.0_subsample20_galcutNone_chromaticBeamTrue
training...
no file found, need to train
now training model with nsamples 9831  of ndim 50
Fit A: Time: 2.744453369140625 Wasserstein Distance: [2.2859890460968018, 2.090090274810791, 1.6402456760406494, 1.0001204013824463, 0.9704359173774719, 0.9279949069023132, 0.8846221566200256, 0.8661104440689087]
Fit spline Time: 0.17348291015625
logp: -67.17886352539062 -67.98854064941406 time: 3.0167324542999268 iteration: 1 best: 1
Fit A: Time: 1.90343408203125 Wasserstein Distance: [2.1136057376861572, 1.8839747905731201, 1.6177688837051392, 0.9824709892272949, 0.9457715749740601, 0.9441490173339844, 0.9426949620246887, 0.8701146245002747]
Fit spline Time: 0.1650037078857422
logp: -63.47655487060547 -64.23473358154297 time: 2.1327321529388428 iteration: 2 best: 2
Fit A: Time: 1.9247794189453125 Wasserstein Distance: [2.2187740802764893, 1.165992021560669, 0.968478262424469, 0.942897379398346, 0.9368559122085571, 0.9353446364402771, 0.9196479916572571, 0.8955441117286682]
Fit spline Time: 0.1632813720703125
logp: -59.11206817626953 -59.83122253417969 time: 2.158167839050293 iteration: 3 best: 3
Fit A: Time: 1.7564840087890625 Wasserstein Distance: [1.872730016708374, 1.7967413663864136, 1.0230714082717896, 0.9927135705947876, 0.940738320350647, 0.919924259185791, 0.8193594217300415, 0.8070790767669678]
Fit spline Time: 0.14596739196777345
logp: -56.071990966796875 -56.755680084228516 time: 1.9626684188842773 iteration: 4 best: 4
Fit A: Time: 1.732706298828125 Wasserstein Distance: [1.6799784898757935, 1.6763614416122437, 1.3867027759552002, 0.9487135410308838, 0.9025480151176453, 0.8959996104240417, 0.8719428777694702, 0.8636685609817505]
Fit spline Time: 0.20792422485351564
logp: -52.769195556640625 -53.408992767333984 time: 2.0044057369232178 iteration: 5 best: 5
Fit A: Time: 1.7043033447265625 Wasserstein Distance: [1.599196195602417, 1.5755760669708252, 0.9496310353279114, 0.9378363490104675, 0.9137109518051147, 0.8994963765144348, 0.8699291944503784, 0.8469899296760559]
Fit spline Time: 0.15328012084960937
logp: -49.53205108642578 -50.14137268066406 time: 1.9052550792694092 iteration: 6 best: 6
Fit A: Time: 1.733473876953125 Wasserstein Distance: [1.4917203187942505, 1.446150302886963, 1.2552655935287476, 0.9330732822418213, 0.9289355278015137, 0.9284033179283142, 0.92384272813797, 0.8897122740745544]
Fit spline Time: 0.18120889282226563
logp: -45.69287109375 -46.266937255859375 time: 1.9814631938934326 iteration: 7 best: 7
Fit A: Time: 1.7097252197265624 Wasserstein Distance: [1.6126329898834229, 0.9680534601211548, 0.9403470158576965, 0.937552273273468, 0.932121992111206, 0.9313458204269409, 0.9183310270309448, 0.8809500336647034]
Fit spline Time: 0.14451695251464844
logp: -42.41900634765625 -42.973236083984375 time: 1.9165995121002197 iteration: 8 best: 8
Fit A: Time: 1.7231634521484376 Wasserstein Distance: [1.3936097621917725, 1.2853269577026367, 0.9256961345672607, 0.925209641456604, 0.9141920208930969, 0.9083048701286316, 0.8676444888114929, 0.8076158165931702]
Fit spline Time: 0.14605789184570311
logp: -39.62693786621094 -40.1617317199707 time: 1.9549267292022705 iteration: 9 best: 9
Fit A: Time: 1.7421282958984374 Wasserstein Distance: [1.3850797414779663, 0.9405958652496338, 0.9250938296318054, 0.9208874702453613, 0.9174764156341553, 0.9163681268692017, 0.8751038312911987, 0.8346802592277527]
Fit spline Time: 0.1474950408935547
logp: -36.688941955566406 -37.203067779541016 time: 1.9588823318481445 iteration: 10 best: 10
Fit A: Time: 1.6813519287109375 Wasserstein Distance: [1.2562806606292725, 0.9465634226799011, 0.9408164620399475, 0.8876776695251465, 0.8837824463844299, 0.8377982378005981, 0.8364547491073608, 0.8151910305023193]
Fit spline Time: 0.14716429138183593
logp: -33.95283889770508 -34.44342803955078 time: 1.8898801803588867 iteration: 11 best: 11
Fit A: Time: 1.6497681884765625 Wasserstein Distance: [1.2610410451889038, 0.8945238590240479, 0.8925730586051941, 0.8880676031112671, 0.8746771812438965, 0.8572564721107483, 0.8398752808570862, 0.8365869522094727]
Fit spline Time: 0.14685235595703125
logp: -31.52226448059082 -32.00892639160156 time: 1.8585834503173828 iteration: 12 best: 12
Fit A: Time: 1.64171875 Wasserstein Distance: [1.197879433631897, 0.8542196154594421, 0.8416243195533752, 0.8407953977584839, 0.8271276354789734, 0.8131498694419861, 0.7980899810791016, 0.6662181615829468]
Fit spline Time: 0.14631517028808594
logp: -29.380817413330078 -29.856361389160156 time: 1.8523366451263428 iteration: 13 best: 13
Fit A: Time: 1.626647705078125 Wasserstein Distance: [1.1311218738555908, 1.0282233953475952, 0.8600838780403137, 0.8208094239234924, 0.813702404499054, 0.8129075765609741, 0.7882349491119385, 0.7856184840202332]
Fit spline Time: 0.1457975616455078
logp: -27.681520462036133 -28.142087936401367 time: 1.8349003791809082 iteration: 14 best: 14
Fit A: Time: 1.6366363525390626 Wasserstein Distance: [1.0999151468276978, 1.0599192380905151, 0.8422765731811523, 0.8276697397232056, 0.7944778203964233, 0.784042477607727, 0.7835395336151123, 0.7709830403327942]
Fit spline Time: 0.14608758544921874
logp: -26.130691528320312 -26.57154083251953 time: 1.865877628326416 iteration: 15 best: 15
Fit A: Time: 1.6315247802734374 Wasserstein Distance: [1.0268778800964355, 0.8359308242797852, 0.8310825824737549, 0.8088424205780029, 0.780013382434845, 0.7712364792823792, 0.7707417607307434, 0.7616744041442871]
Fit spline Time: 0.1390792999267578
logp: -24.490297317504883 -24.919870376586914 time: 1.8308196067810059 iteration: 16 best: 16
Fit A: Time: 1.57524755859375 Wasserstein Distance: [0.977902352809906, 0.9514430165290833, 0.8218149542808533, 0.7935090065002441, 0.7686970233917236, 0.7657400965690613, 0.7605960369110107, 0.7426326870918274]
Fit spline Time: 0.14006918334960938
logp: -22.892568588256836 -23.308183670043945 time: 1.7628834247589111 iteration: 17 best: 17
Fit A: Time: 1.62583203125 Wasserstein Distance: [1.0170700550079346, 0.9354314804077148, 0.7920520901679993, 0.7607882618904114, 0.7578124403953552, 0.7561110258102417, 0.7503118515014648, 0.7467134594917297]
Fit spline Time: 0.14102835083007811
logp: -21.506284713745117 -21.909181594848633 time: 1.836951494216919 iteration: 18 best: 18
Fit A: Time: 1.65839208984375 Wasserstein Distance: [0.8990436792373657, 0.8480398058891296, 0.7942885160446167, 0.752077579498291, 0.7420356869697571, 0.7258855700492859, 0.7192496657371521, 0.7156329154968262]
Fit spline Time: 0.14071090698242186
logp: -20.143962860107422 -20.54140281677246 time: 1.8696014881134033 iteration: 19 best: 19
Fit A: Time: 1.6671478271484375 Wasserstein Distance: [0.8507872819900513, 0.8013919591903687, 0.7710481882095337, 0.767177939414978, 0.7199847102165222, 0.7099049091339111, 0.7093971371650696, 0.7055341601371765]
Fit spline Time: 0.1400379180908203
logp: -18.92947006225586 -19.32291603088379 time: 1.8701953887939453 iteration: 20 best: 20
Fit A: Time: 1.6527904052734375 Wasserstein Distance: [0.9441423416137695, 0.7878158688545227, 0.7630941867828369, 0.7618158459663391, 0.7326618432998657, 0.7093497514724731, 0.7047193050384521, 0.7017701268196106]
Fit spline Time: 0.14039939880371094
logp: -17.67868423461914 -18.081253051757812 time: 1.8520338535308838 iteration: 21 best: 21
Fit A: Time: 1.6545557861328124 Wasserstein Distance: [0.8367093801498413, 0.7882359027862549, 0.7708266377449036, 0.704932451248169, 0.6985230445861816, 0.6979119777679443, 0.690300464630127, 0.6817548871040344]
Fit spline Time: 0.1407786865234375
logp: -16.472597122192383 -16.867645263671875 time: 1.8610596656799316 iteration: 22 best: 22
Fit A: Time: 1.5910660400390626 Wasserstein Distance: [0.8026621341705322, 0.7474744319915771, 0.7415867447853088, 0.6842050552368164, 0.6834380030632019, 0.6828882694244385, 0.6746999621391296, 0.6744051575660706]
Fit spline Time: 0.14018521118164062
logp: -15.282157897949219 -15.672645568847656 time: 1.7809228897094727 iteration: 23 best: 23
Fit A: Time: 1.5778250732421875 Wasserstein Distance: [0.8689330816268921, 0.7975060939788818, 0.7563098073005676, 0.6753750443458557, 0.66998690366745, 0.6667342782020569, 0.6629968285560608, 0.6598514318466187]
Fit spline Time: 0.1409688262939453
logp: -14.323192596435547 -14.709672927856445 time: 1.7763795852661133 iteration: 24 best: 24
Fit A: Time: 1.57706298828125 Wasserstein Distance: [0.7658692002296448, 0.7572255730628967, 0.7306259870529175, 0.6838741302490234, 0.6768977642059326, 0.6641726493835449, 0.6582658290863037, 0.6482532024383545]
Fit spline Time: 0.14900425720214844
logp: -13.310846328735352 -13.705669403076172 time: 1.7719027996063232 iteration: 25 best: 25
Fit A: Time: 1.5878895263671875 Wasserstein Distance: [0.8730201125144958, 0.742499828338623, 0.7399675846099854, 0.7320724129676819, 0.6820406317710876, 0.6508284211158752, 0.6492462158203125, 0.6473184823989868]
Fit spline Time: 0.14239436340332032
logp: -12.243497848510742 -12.642419815063477 time: 1.7721729278564453 iteration: 26 best: 26
Fit A: Time: 1.637166748046875 Wasserstein Distance: [0.7972254753112793, 0.7563241124153137, 0.737226665019989, 0.7326659560203552, 0.7107958197593689, 0.6389425992965698, 0.6380181908607483, 0.6322347521781921]
Fit spline Time: 0.14328402709960938
logp: -11.278358459472656 -11.668987274169922 time: 1.8377556800842285 iteration: 27 best: 27
Fit A: Time: 1.6191107177734374 Wasserstein Distance: [0.7411916255950928, 0.7069132924079895, 0.6397504210472107, 0.6375736594200134, 0.6371887922286987, 0.6342921257019043, 0.6331624388694763, 0.6317923069000244]
Fit spline Time: 0.14004106140136718
logp: -10.422937393188477 -10.815759658813477 time: 1.8012783527374268 iteration: 28 best: 28
Fit A: Time: 1.5966905517578125 Wasserstein Distance: [0.7194710373878479, 0.7109162211418152, 0.7046940922737122, 0.61639404296875, 0.6156293749809265, 0.6145689487457275, 0.6142162084579468, 0.6104072332382202]
Fit spline Time: 0.14284495544433592
logp: -9.575002670288086 -9.969961166381836 time: 1.7897686958312988 iteration: 29 best: 29
Fit A: Time: 1.57224853515625 Wasserstein Distance: [0.6950274109840393, 0.6928170323371887, 0.6860455870628357, 0.6824060082435608, 0.6118265390396118, 0.6029314398765564, 0.6014312505722046, 0.6010622382164001]
Fit spline Time: 0.140891357421875
logp: -8.649768829345703 -9.046707153320312 time: 1.7698326110839844 iteration: 30 best: 30
Fit A: Time: 1.581259765625 Wasserstein Distance: [0.7178239822387695, 0.6991421580314636, 0.6970537900924683, 0.6881341934204102, 0.6225174069404602, 0.6064940690994263, 0.6017612814903259, 0.5901779532432556]
Fit spline Time: 0.14073190307617187
logp: -7.804462432861328 -8.201766967773438 time: 1.7793426513671875 iteration: 31 best: 31
Fit A: Time: 1.585228271484375 Wasserstein Distance: [0.6973752975463867, 0.67440265417099, 0.6661293506622314, 0.6604987978935242, 0.6022272109985352, 0.5988991260528564, 0.5971412658691406, 0.5815216898918152]
Fit spline Time: 0.13901583862304687
logp: -7.098476409912109 -7.506467819213867 time: 1.7741336822509766 iteration: 32 best: 32
Fit A: Time: 1.5778939208984375 Wasserstein Distance: [0.7032988667488098, 0.6648238897323608, 0.664245069026947, 0.6638948917388916, 0.6555654406547546, 0.5891958475112915, 0.5837526321411133, 0.5776909589767456]
Fit spline Time: 0.13993804931640624
logp: -6.299587249755859 -6.717193603515625 time: 1.76676344871521 iteration: 33 best: 33
Fit A: Time: 1.5707943115234375 Wasserstein Distance: [0.6678971648216248, 0.6410081386566162, 0.6408000588417053, 0.6242470741271973, 0.585241973400116, 0.5804600119590759, 0.5775893926620483, 0.5693147778511047]
Fit spline Time: 0.13925120544433595
logp: -5.542543411254883 -5.974620819091797 time: 1.7656309604644775 iteration: 34 best: 34
Fit A: Time: 1.5660950927734374 Wasserstein Distance: [0.7601510286331177, 0.6886395812034607, 0.6513102650642395, 0.6272835731506348, 0.6227214932441711, 0.5938934087753296, 0.5793140530586243, 0.5731632113456726]
Fit spline Time: 0.13926002502441406
logp: -4.897655487060547 -5.3353424072265625 time: 1.7544684410095215 iteration: 35 best: 35
Fit A: Time: 1.565816650390625 Wasserstein Distance: [0.794335126876831, 0.679521381855011, 0.6573143005371094, 0.6055678725242615, 0.5759375691413879, 0.5717577338218689, 0.5686481595039368, 0.5579935312271118]
Fit spline Time: 0.14010153198242187
logp: -4.2580718994140625 -4.689399719238281 time: 1.755096673965454 iteration: 36 best: 36
Fit A: Time: 1.5624146728515624 Wasserstein Distance: [0.7257172465324402, 0.704672634601593, 0.6410347819328308, 0.5719152688980103, 0.5629926919937134, 0.5555660128593445, 0.5529098510742188, 0.5480182766914368]
Fit spline Time: 0.139167236328125
logp: -3.6146316528320312 -4.042970657348633 time: 1.7508177757263184 iteration: 37 best: 37
Fit A: Time: 1.6076611328125 Wasserstein Distance: [0.6282919049263, 0.6252809166908264, 0.622657299041748, 0.6005233526229858, 0.5529115796089172, 0.5439262390136719, 0.5412586331367493, 0.5397281646728516]
Fit spline Time: 0.14531832885742188
logp: -3.0232715606689453 -3.450387954711914 time: 1.7950944900512695 iteration: 38 best: 38
Fit A: Time: 1.617985107421875 Wasserstein Distance: [0.6814694404602051, 0.6182073950767517, 0.5832674503326416, 0.5435140132904053, 0.5427415370941162, 0.5409197807312012, 0.5401993989944458, 0.532953679561615]
Fit spline Time: 0.1431525115966797
logp: -2.4568214416503906 -2.882556915283203 time: 1.817770004272461 iteration: 39 best: 39
Fit A: Time: 1.61282275390625 Wasserstein Distance: [0.6614524126052856, 0.6238800287246704, 0.5996410846710205, 0.5539616346359253, 0.5415420532226562, 0.5371204018592834, 0.5311859250068665, 0.5271870493888855]
Fit spline Time: 0.16133135986328126
logp: -1.7915515899658203 -2.227436065673828 time: 1.8417847156524658 iteration: 40 best: 40
Fit A: Time: 1.5697271728515625 Wasserstein Distance: [0.6547729969024658, 0.5997238755226135, 0.5918124318122864, 0.5440124869346619, 0.5386761426925659, 0.5317469835281372, 0.5182342529296875, 0.5160571932792664]
Fit spline Time: 0.1401890869140625
logp: -1.1994247436523438 -1.6322193145751953 time: 1.7632222175598145 iteration: 41 best: 41
Fit A: Time: 1.56408203125 Wasserstein Distance: [0.6409799456596375, 0.6175664067268372, 0.6003872156143188, 0.5550655722618103, 0.5206359028816223, 0.5152114033699036, 0.5148542523384094, 0.5111576914787292]
Fit spline Time: 0.14967366027832033
logp: -0.6982555389404297 -1.1334495544433594 time: 1.7751004695892334 iteration: 42 best: 42
Fit A: Time: 1.555697509765625 Wasserstein Distance: [0.6298258900642395, 0.5757633447647095, 0.5492507219314575, 0.5165746212005615, 0.5100011229515076, 0.5095474123954773, 0.5059415698051453, 0.5011202096939087]
Fit spline Time: 0.1403056640625
logp: -0.23453330993652344 -0.6660881042480469 time: 1.7461316585540771 iteration: 43 best: 43
Fit A: Time: 1.570977294921875 Wasserstein Distance: [0.6274927258491516, 0.6141260862350464, 0.580169141292572, 0.5727078914642334, 0.5680184960365295, 0.4964595139026642, 0.49644410610198975, 0.49548500776290894]
Fit spline Time: 0.13855360412597656
logp: 0.3110542297363281 -0.11774253845214844 time: 1.7556474208831787 iteration: 44 best: 44
Fit A: Time: 1.56123095703125 Wasserstein Distance: [0.6232684254646301, 0.6057969331741333, 0.5880568623542786, 0.5659023523330688, 0.5490302443504333, 0.5140127539634705, 0.49450793862342834, 0.4939505457878113]
Fit spline Time: 0.13926387023925782
logp: 0.8112678527832031 0.38234901428222656 time: 1.7494480609893799 iteration: 45 best: 45
Fit A: Time: 1.5586160888671876 Wasserstein Distance: [0.6011335849761963, 0.5850123763084412, 0.5815194249153137, 0.5003403425216675, 0.49707621335983276, 0.4907664954662323, 0.49076467752456665, 0.48598727583885193]
Fit spline Time: 0.13904620361328124
logp: 1.2274303436279297 0.7973861694335938 time: 1.7533063888549805 iteration: 46 best: 46
Fit A: Time: 1.5610391845703124 Wasserstein Distance: [0.5964033603668213, 0.5927813053131104, 0.5824825763702393, 0.5580138564109802, 0.4972951114177704, 0.4889023005962372, 0.48004448413848877, 0.47667673230171204]
Fit spline Time: 0.14114569091796875
logp: 1.6780452728271484 1.2397441864013672 time: 1.7653734683990479 iteration: 47 best: 47
Fit A: Time: 1.5640914306640625 Wasserstein Distance: [0.6171373128890991, 0.5882598757743835, 0.5771425366401672, 0.49390295147895813, 0.4757486879825592, 0.47531557083129883, 0.47520744800567627, 0.4653334617614746]
Fit spline Time: 0.14025567626953125
logp: 2.1421546936035156 1.7028236389160156 time: 1.7609167098999023 iteration: 48 best: 48
Fit A: Time: 1.569292724609375 Wasserstein Distance: [0.6130741238594055, 0.5676750540733337, 0.5575602054595947, 0.5504438877105713, 0.5492412447929382, 0.5331275463104248, 0.52663654088974, 0.4687698185443878]
Fit spline Time: 0.14936679077148438
logp: 2.583669662475586 2.1417083740234375 time: 1.8047125339508057 iteration: 49 best: 49
Fit A: Time: 1.56659912109375 Wasserstein Distance: [0.5786016583442688, 0.5577771663665771, 0.5449203848838806, 0.5330361127853394, 0.5316548943519592, 0.48113805055618286, 0.4686446189880371, 0.4603137969970703]
Fit spline Time: 0.14030613708496092
logp: 3.011079788208008 2.5629825592041016 time: 1.7836682796478271 iteration: 50 best: 50
Fit A: Time: 1.57157666015625 Wasserstein Distance: [0.5988546013832092, 0.5657289624214172, 0.558158814907074, 0.5271927714347839, 0.5056895613670349, 0.4681839942932129, 0.4600542485713959, 0.45379239320755005]
Fit spline Time: 0.13932537841796874
logp: 3.476348876953125 3.0243148803710938 time: 1.7753491401672363 iteration: 51 best: 51
Fit A: Time: 1.56870458984375 Wasserstein Distance: [0.5622394680976868, 0.561247706413269, 0.5348426103591919, 0.52094566822052, 0.4943077862262726, 0.47304201126098633, 0.4561755359172821, 0.456088662147522]
Fit spline Time: 0.13943002319335937
logp: 3.904338836669922 3.447154998779297 time: 1.7699320316314697 iteration: 52 best: 52
Fit A: Time: 1.5503438720703124 Wasserstein Distance: [0.5572463870048523, 0.5440981984138489, 0.5262113809585571, 0.5224569439888, 0.47606000304222107, 0.4700084626674652, 0.46460503339767456, 0.4561518132686615]
Fit spline Time: 0.1386910095214844
logp: 4.280918121337891 3.822742462158203 time: 1.765458106994629 iteration: 53 best: 53
Fit A: Time: 1.5618681640625 Wasserstein Distance: [0.6745300889015198, 0.5529907941818237, 0.5277369618415833, 0.4769746661186218, 0.46683230996131897, 0.45061764121055603, 0.44327691197395325, 0.4430437386035919]
Fit spline Time: 0.13930767822265624
logp: 4.606151580810547 4.150691986083984 time: 1.7503747940063477 iteration: 54 best: 54
Fit A: Time: 1.5522943115234376 Wasserstein Distance: [0.543571412563324, 0.5031968951225281, 0.5026682615280151, 0.4621604084968567, 0.44870972633361816, 0.4478287398815155, 0.44615617394447327, 0.43798547983169556]
Fit spline Time: 0.14114796447753905
logp: 4.924602508544922 4.467256546020508 time: 1.7406306266784668 iteration: 55 best: 55
Fit A: Time: 1.5547564697265626 Wasserstein Distance: [0.5418851971626282, 0.524594247341156, 0.510662317276001, 0.5038589239120483, 0.46090397238731384, 0.44873589277267456, 0.4426010251045227, 0.42677074670791626]
Fit spline Time: 0.1389733428955078
logp: 5.296016693115234 4.836702346801758 time: 1.7490031719207764 iteration: 56 best: 56
Fit A: Time: 1.544900146484375 Wasserstein Distance: [0.5411317348480225, 0.5346843004226685, 0.4979461431503296, 0.4913587272167206, 0.4711036682128906, 0.45226210355758667, 0.4339652359485626, 0.43050575256347656]
Fit spline Time: 0.1451329345703125
logp: 5.637475967407227 5.174140930175781 time: 1.7434062957763672 iteration: 57 best: 57
Fit A: Time: 1.5470438232421875 Wasserstein Distance: [0.5598769783973694, 0.5203409194946289, 0.47584742307662964, 0.45162245631217957, 0.43991678953170776, 0.4278997480869293, 0.4230290651321411, 0.4221034348011017]
Fit spline Time: 0.13896908569335936
logp: 5.980194091796875 5.5142364501953125 time: 1.746744155883789 iteration: 58 best: 58
Fit A: Time: 1.5760406494140624 Wasserstein Distance: [0.529869019985199, 0.48487210273742676, 0.4762824475765228, 0.42676353454589844, 0.42481476068496704, 0.4190201461315155, 0.41768738627433777, 0.4169048070907593]
Fit spline Time: 0.156159423828125
logp: 6.267194747924805 5.796876907348633 time: 1.7892920970916748 iteration: 59 best: 59
Fit A: Time: 1.572473388671875 Wasserstein Distance: [0.622688353061676, 0.542707622051239, 0.5240206122398376, 0.46858859062194824, 0.4221295416355133, 0.41421353816986084, 0.4120860993862152, 0.4116540551185608]
Fit spline Time: 0.13981488037109374
logp: 6.583200454711914 6.116876602172852 time: 1.7735741138458252 iteration: 60 best: 60
Fit A: Time: 1.601982666015625 Wasserstein Distance: [0.5378713011741638, 0.5173767805099487, 0.47176969051361084, 0.4711730182170868, 0.44716212153434753, 0.4179641604423523, 0.40930214524269104, 0.4062754809856415]
Fit spline Time: 0.14030192565917968
logp: 6.881135940551758 6.413135528564453 time: 1.8122758865356445 iteration: 61 best: 61
Fit A: Time: 1.562252685546875 Wasserstein Distance: [0.515201210975647, 0.5130881667137146, 0.5113165974617004, 0.5040268301963806, 0.4513136148452759, 0.40550029277801514, 0.4043743908405304, 0.4021856486797333]
Fit spline Time: 0.13944114685058595
logp: 7.202228546142578 6.731019973754883 time: 1.7508139610290527 iteration: 62 best: 62
Fit A: Time: 1.5643671875 Wasserstein Distance: [0.5385323762893677, 0.5129052400588989, 0.461386501789093, 0.42448094487190247, 0.4213801920413971, 0.4052830636501312, 0.39244478940963745, 0.38990890979766846]
Fit spline Time: 0.14022000122070313
logp: 7.5041656494140625 7.027124404907227 time: 1.7439651489257812 iteration: 63 best: 63
Fit A: Time: 1.5617626953125 Wasserstein Distance: [0.543706476688385, 0.5074718594551086, 0.49556446075439453, 0.4942173957824707, 0.4271518886089325, 0.3958810269832611, 0.39019516110420227, 0.390140563249588]
Fit spline Time: 0.13927597045898438
logp: 7.805335998535156 7.329668045043945 time: 1.7511160373687744 iteration: 64 best: 64
Fit A: Time: 1.5622601318359375 Wasserstein Distance: [0.5184111595153809, 0.503320038318634, 0.4936307668685913, 0.487436443567276, 0.46220046281814575, 0.3951411843299866, 0.39233049750328064, 0.38772082328796387]
Fit spline Time: 0.13897975158691406
logp: 8.082334518432617 7.606962203979492 time: 1.7503867149353027 iteration: 65 best: 65
Fit A: Time: 1.5625130615234375 Wasserstein Distance: [0.5002198219299316, 0.4668262302875519, 0.4592272937297821, 0.45289313793182373, 0.40861085057258606, 0.39012932777404785, 0.38335636258125305, 0.378249853849411]
Fit spline Time: 0.14034019470214842
logp: 8.363100051879883 7.888523101806641 time: 1.7579452991485596 iteration: 66 best: 66
Fit A: Time: 1.542683837890625 Wasserstein Distance: [0.5059797763824463, 0.4940871000289917, 0.4591193199157715, 0.4510359764099121, 0.43521520495414734, 0.38562873005867004, 0.3814069628715515, 0.38066449761390686]
Fit spline Time: 0.14229420471191406
logp: 8.659809112548828 8.181617736816406 time: 1.7345750331878662 iteration: 67 best: 67
Fit A: Time: 1.541651123046875 Wasserstein Distance: [0.5159333348274231, 0.4983961582183838, 0.4592217206954956, 0.45763903856277466, 0.44248905777931213, 0.4198213815689087, 0.4033203721046448, 0.3756542205810547]
Fit spline Time: 0.1388034210205078
logp: 8.953609466552734 8.474185943603516 time: 1.7422397136688232 iteration: 68 best: 68
Fit A: Time: 1.538344970703125 Wasserstein Distance: [0.5074993371963501, 0.5074280500411987, 0.4837719798088074, 0.46808791160583496, 0.45012566447257996, 0.4278079867362976, 0.378213495016098, 0.3769865930080414]
Fit spline Time: 0.13824220275878907
logp: 9.235925674438477 8.762334823608398 time: 1.7263143062591553 iteration: 69 best: 69
Fit A: Time: 1.549897705078125 Wasserstein Distance: [0.4914516806602478, 0.4609387218952179, 0.3841080963611603, 0.3820286691188812, 0.3730659782886505, 0.37154605984687805, 0.36861440539360046, 0.36738574504852295]
Fit spline Time: 0.13868879699707032
logp: 9.480680465698242 9.003509521484375 time: 1.7404062747955322 iteration: 70 best: 70
Fit A: Time: 1.5407598876953126 Wasserstein Distance: [0.5029399394989014, 0.486097514629364, 0.468031644821167, 0.4542229473590851, 0.3994942903518677, 0.36570701003074646, 0.3648287355899811, 0.36339041590690613]
Fit spline Time: 0.13823811340332032
logp: 9.749534606933594 9.27658462524414 time: 1.7398974895477295 iteration: 71 best: 71
Fit A: Time: 1.587878662109375 Wasserstein Distance: [0.4929588735103607, 0.4832058846950531, 0.47235289216041565, 0.4575662314891815, 0.4485393166542053, 0.4392363727092743, 0.4037976861000061, 0.37316998839378357]
Fit spline Time: 0.13919375610351561
logp: 10.039091110229492 9.563241958618164 time: 1.7897720336914062 iteration: 72 best: 72
Fit A: Time: 1.5650179443359375 Wasserstein Distance: [0.47421565651893616, 0.46406468749046326, 0.44345682859420776, 0.43693870306015015, 0.43040701746940613, 0.41794055700302124, 0.41754040122032166, 0.36483338475227356]
Fit spline Time: 0.14345085144042968
logp: 10.28519058227539 9.805597305297852 time: 1.7715888023376465 iteration: 73 best: 73
Fit A: Time: 1.552154541015625 Wasserstein Distance: [0.4701716899871826, 0.44454696774482727, 0.4284273386001587, 0.4265175759792328, 0.4258141815662384, 0.3942423462867737, 0.3642500936985016, 0.35975882411003113]
Fit spline Time: 0.1410830993652344
logp: 10.49618148803711 10.005929946899414 time: 1.7653727531433105 iteration: 74 best: 74
Fit A: Time: 1.55851220703125 Wasserstein Distance: [0.47582367062568665, 0.4540167450904846, 0.42326608300209045, 0.4097888171672821, 0.40544161200523376, 0.39454352855682373, 0.37464016675949097, 0.3521343171596527]
Fit spline Time: 0.13924281311035155
logp: 10.759767532348633 10.26384162902832 time: 1.761939525604248 iteration: 75 best: 75
Fit A: Time: 1.5756787109375 Wasserstein Distance: [0.45465967059135437, 0.43462643027305603, 0.42057090997695923, 0.41514644026756287, 0.37234458327293396, 0.35859164595603943, 0.35653063654899597, 0.35003215074539185]
Fit spline Time: 0.15220384216308594
logp: 10.979061126708984 10.478643417358398 time: 1.7837440967559814 iteration: 76 best: 76
Fit A: Time: 1.59246923828125 Wasserstein Distance: [0.47216901183128357, 0.44271424412727356, 0.41264015436172485, 0.4071316421031952, 0.3590417504310608, 0.3544338047504425, 0.35366782546043396, 0.34945985674858093]
Fit spline Time: 0.14303794860839844
logp: 11.19784164428711 10.694425582885742 time: 1.7838914394378662 iteration: 77 best: 77
Fit A: Time: 1.5946866455078126 Wasserstein Distance: [0.5510803461074829, 0.46832364797592163, 0.4096968173980713, 0.3976859450340271, 0.3635801374912262, 0.34520044922828674, 0.3419460952281952, 0.34171774983406067]
Fit spline Time: 0.141536376953125
logp: 11.42220687866211 10.915603637695312 time: 1.7862176895141602 iteration: 78 best: 78
Fit A: Time: 1.5764647216796874 Wasserstein Distance: [0.4715133309364319, 0.45706626772880554, 0.42967209219932556, 0.4006926715373993, 0.3966120183467865, 0.35151562094688416, 0.34416651725769043, 0.3413023054599762]
Fit spline Time: 0.14132102966308593
logp: 11.640779495239258 11.137475967407227 time: 1.763335943222046 iteration: 79 best: 79
Fit A: Time: 1.5789180908203124 Wasserstein Distance: [0.44881191849708557, 0.4198763966560364, 0.4180144965648651, 0.4108416736125946, 0.38947299122810364, 0.35344672203063965, 0.33949407935142517, 0.3377983868122101]
Fit spline Time: 0.14299224853515624
logp: 11.813562393188477 11.308242797851562 time: 1.784982442855835 iteration: 80 best: 80
Fit A: Time: 1.562625 Wasserstein Distance: [0.5074703097343445, 0.46901893615722656, 0.45946186780929565, 0.4044243395328522, 0.40429577231407166, 0.3836536705493927, 0.3372165858745575, 0.32996639609336853]
Fit spline Time: 0.1401393280029297
logp: 12.055830001831055 11.552221298217773 time: 1.7661936283111572 iteration: 81 best: 81
Fit A: Time: 1.55529736328125 Wasserstein Distance: [0.4568646252155304, 0.44638046622276306, 0.440157026052475, 0.4145410358905792, 0.40568262338638306, 0.38021591305732727, 0.3754926919937134, 0.3332184851169586]
Fit spline Time: 0.14051123046875
logp: 12.272823333740234 11.767587661743164 time: 1.753077507019043 iteration: 82 best: 82
Fit A: Time: 1.553681884765625 Wasserstein Distance: [0.4702460467815399, 0.45243018865585327, 0.43191325664520264, 0.38898369669914246, 0.3726370632648468, 0.3656328320503235, 0.33139461278915405, 0.32843396067619324]
Fit spline Time: 0.1405657958984375
logp: 12.507570266723633 12.005012512207031 time: 1.7712328433990479 iteration: 83 best: 83
Fit A: Time: 1.5885653076171875 Wasserstein Distance: [0.4483981132507324, 0.4182974100112915, 0.4031074047088623, 0.3978576362133026, 0.34242069721221924, 0.3422956168651581, 0.3334088921546936, 0.3325517177581787]
Fit spline Time: 0.14169255065917968
logp: 12.67452621459961 12.16746711730957 time: 1.7849533557891846 iteration: 84 best: 84
Fit A: Time: 1.5901922607421874 Wasserstein Distance: [0.44119659066200256, 0.4317735731601715, 0.3845328390598297, 0.37920141220092773, 0.37727129459381104, 0.35458245873451233, 0.3301622271537781, 0.3231751620769501]
Fit spline Time: 0.1413345947265625
logp: 12.853391647338867 12.340154647827148 time: 1.7811110019683838 iteration: 85 best: 85
Fit A: Time: 1.5895767822265625 Wasserstein Distance: [0.4477880299091339, 0.3900138735771179, 0.3667502701282501, 0.36382660269737244, 0.3559604287147522, 0.3434637188911438, 0.3382325768470764, 0.32303890585899353]
Fit spline Time: 0.14069602966308595
logp: 13.027591705322266 12.51109504699707 time: 1.7919347286224365 iteration: 86 best: 86
Fit A: Time: 1.5486337890625 Wasserstein Distance: [0.4468379020690918, 0.3865763247013092, 0.3800543546676636, 0.3628470301628113, 0.3318580687046051, 0.32139772176742554, 0.3190615475177765, 0.31669676303863525]
Fit spline Time: 0.1400257568359375
logp: 13.213861465454102 12.69512939453125 time: 1.7384583950042725 iteration: 87 best: 87
Fit A: Time: 1.55677197265625 Wasserstein Distance: [0.4438152611255646, 0.3760167956352234, 0.37420400977134705, 0.365723192691803, 0.35672369599342346, 0.33533409237861633, 0.32586669921875, 0.31476885080337524]
Fit spline Time: 0.13922467041015624
logp: 13.387872695922852 12.87066650390625 time: 1.7525908946990967 iteration: 88 best: 88
Fit A: Time: 1.5437021484375 Wasserstein Distance: [0.44009339809417725, 0.43376851081848145, 0.3951047956943512, 0.37434616684913635, 0.36911696195602417, 0.3147807717323303, 0.3144921362400055, 0.31333112716674805]
Fit spline Time: 0.13975859069824217
logp: 13.556968688964844 13.04000473022461 time: 1.7434024810791016 iteration: 89 best: 89
Fit A: Time: 1.5420780029296874 Wasserstein Distance: [0.4720412790775299, 0.4307711124420166, 0.38896286487579346, 0.36806538701057434, 0.32231786847114563, 0.3205616772174835, 0.3193896412849426, 0.31163546442985535]
Fit spline Time: 0.14130105590820313
logp: 13.71279525756836 13.191343307495117 time: 1.7324750423431396 iteration: 90 best: 90
Fit A: Time: 1.551587890625 Wasserstein Distance: [0.44478046894073486, 0.4321066737174988, 0.40225547552108765, 0.3554040193557739, 0.30760321021080017, 0.3059716820716858, 0.30376866459846497, 0.3033725321292877]
Fit spline Time: 0.14092816162109376
logp: 13.880670547485352 13.357597351074219 time: 1.7418181896209717 iteration: 91 best: 91
Fit A: Time: 1.57537841796875 Wasserstein Distance: [0.4385715126991272, 0.42984452843666077, 0.38784530758857727, 0.37534278631210327, 0.34986433386802673, 0.318680077791214, 0.3021356761455536, 0.30203741788864136]
Fit spline Time: 0.14315267944335938
logp: 14.040620803833008 13.51681900024414 time: 1.7746608257293701 iteration: 92 best: 92
Fit A: Time: 1.5700655517578126 Wasserstein Distance: [0.43402808904647827, 0.4282478094100952, 0.4079478681087494, 0.36230286955833435, 0.35858529806137085, 0.34896716475486755, 0.3419608771800995, 0.29844653606414795]
Fit spline Time: 0.14018130493164063
logp: 14.225852966308594 13.700387954711914 time: 1.772165298461914 iteration: 93 best: 93
Fit A: Time: 1.5385992431640625 Wasserstein Distance: [0.46758362650871277, 0.4151599109172821, 0.41475483775138855, 0.41032180190086365, 0.392154723405838, 0.35597118735313416, 0.3268639147281647, 0.307151198387146]
Fit spline Time: 0.13769920349121093
logp: 14.409919738769531 13.887821197509766 time: 1.7408628463745117 iteration: 94 best: 94
Fit A: Time: 1.58967431640625 Wasserstein Distance: [0.42456236481666565, 0.39964431524276733, 0.3682778477668762, 0.35898977518081665, 0.3566856384277344, 0.34462887048721313, 0.3201373219490051, 0.30225762724876404]
Fit spline Time: 0.13802493286132814
logp: 14.591804504394531 14.066274642944336 time: 1.7799196243286133 iteration: 95 best: 95
Fit A: Time: 1.573041015625 Wasserstein Distance: [0.4261876940727234, 0.3817356824874878, 0.3812841773033142, 0.309571236371994, 0.29906946420669556, 0.297920286655426, 0.2969309091567993, 0.2937321662902832]
Fit spline Time: 0.1397552947998047
logp: 14.740772247314453 14.214021682739258 time: 1.7623991966247559 iteration: 96 best: 96
Fit A: Time: 1.5667999267578125 Wasserstein Distance: [0.42148706316947937, 0.3782346546649933, 0.3621616065502167, 0.3497101664543152, 0.31111234426498413, 0.2987523376941681, 0.29078975319862366, 0.28871893882751465]
Fit spline Time: 0.13943069458007812
logp: 14.870548248291016 14.341615676879883 time: 1.7600972652435303 iteration: 97 best: 97
Fit A: Time: 1.553066162109375 Wasserstein Distance: [0.4296909272670746, 0.3978513479232788, 0.39074620604515076, 0.38177555799484253, 0.3692307770252228, 0.29993659257888794, 0.297324538230896, 0.28736162185668945]
Fit spline Time: 0.13858604431152344
logp: 15.04212760925293 14.512378692626953 time: 1.7437889575958252 iteration: 98 best: 98
Fit A: Time: 1.5469063720703125 Wasserstein Distance: [0.42792046070098877, 0.4194718301296234, 0.3674751818180084, 0.3566547632217407, 0.34741348028182983, 0.3441646993160248, 0.2901456952095032, 0.2873423099517822]
Fit spline Time: 0.13900711059570312
logp: 15.211416244506836 14.681711196899414 time: 1.7326288223266602 iteration: 99 best: 99
Fit A: Time: 1.5413319091796875 Wasserstein Distance: [0.4024326503276825, 0.3952024281024933, 0.3733840882778168, 0.34707945585250854, 0.3398857116699219, 0.33069220185279846, 0.32559749484062195, 0.2887673079967499]
Fit spline Time: 0.14012489318847657
logp: 15.334600448608398 14.800355911254883 time: 1.7228386402130127 iteration: 100 best: 100
Fit A: Time: 1.53997802734375 Wasserstein Distance: [0.40928465127944946, 0.3793397843837738, 0.36502331495285034, 0.35159245133399963, 0.3416596055030823, 0.2890019118785858, 0.28693482279777527, 0.2854354977607727]
Fit spline Time: 0.13941571044921874
logp: 15.50009536743164 14.962799072265625 time: 1.7358508110046387 iteration: 101 best: 101
Fit A: Time: 1.5436519775390625 Wasserstein Distance: [0.4152580201625824, 0.3893676698207855, 0.3424053192138672, 0.30763018131256104, 0.29406264424324036, 0.28277313709259033, 0.278713196516037, 0.2768407464027405]
Fit spline Time: 0.1395091552734375
logp: 15.648809432983398 15.106752395629883 time: 1.7299516201019287 iteration: 102 best: 102
Fit A: Time: 1.54418603515625 Wasserstein Distance: [0.4034919738769531, 0.36986956000328064, 0.36321529746055603, 0.3429204523563385, 0.3398549556732178, 0.3392174243927002, 0.2872675061225891, 0.28109854459762573]
Fit spline Time: 0.13939503479003906
logp: 15.801231384277344 15.256982803344727 time: 1.7475192546844482 iteration: 103 best: 103
Fit A: Time: 1.5420079345703126 Wasserstein Distance: [0.40942978858947754, 0.39714211225509644, 0.33377888798713684, 0.3293858468532562, 0.32538387179374695, 0.2909810543060303, 0.2828432023525238, 0.2731269299983978]
Fit spline Time: 0.1392012176513672
logp: 15.930845260620117 15.385480880737305 time: 1.736473798751831 iteration: 104 best: 104
Fit A: Time: 1.5832166748046874 Wasserstein Distance: [0.39444535970687866, 0.3733542263507843, 0.3655211329460144, 0.33962446451187134, 0.3325165808200836, 0.3224632143974304, 0.30247482657432556, 0.2976669371128082]
Fit spline Time: 0.14113699340820313
logp: 16.08022689819336 15.53178596496582 time: 1.7815485000610352 iteration: 105 best: 105
Fit A: Time: 1.58715869140625 Wasserstein Distance: [0.40089547634124756, 0.3872630298137665, 0.36193111538887024, 0.34420132637023926, 0.34254080057144165, 0.3372515141963959, 0.2827780246734619, 0.280046671628952]
Fit spline Time: 0.14456886291503906
logp: 16.211530685424805 15.658296585083008 time: 1.7869219779968262 iteration: 106 best: 106
Fit A: Time: 1.5861080322265626 Wasserstein Distance: [0.4012623131275177, 0.35933786630630493, 0.356664776802063, 0.3482219874858856, 0.34418946504592896, 0.32841774821281433, 0.27084508538246155, 0.27025195956230164]
Fit spline Time: 0.15831283569335938
logp: 16.369352340698242 15.812215805053711 time: 1.796739101409912 iteration: 107 best: 107
Fit A: Time: 1.5852353515625 Wasserstein Distance: [0.37901487946510315, 0.3531773090362549, 0.343654990196228, 0.34153351187705994, 0.3327139914035797, 0.31791746616363525, 0.279813289642334, 0.26820921897888184]
Fit spline Time: 0.14268716430664063
logp: 16.475910186767578 15.916154861450195 time: 1.7764878273010254 iteration: 108 best: 108
Fit A: Time: 1.64270458984375 Wasserstein Distance: [0.3993254601955414, 0.36159631609916687, 0.34775686264038086, 0.3422549068927765, 0.3347381353378296, 0.31868502497673035, 0.29046329855918884, 0.26968780159950256]
Fit spline Time: 0.1443934326171875
logp: 16.59963607788086 16.03731346130371 time: 1.8464860916137695 iteration: 109 best: 109
Fit A: Time: 1.5772054443359376 Wasserstein Distance: [0.3993299901485443, 0.3342527151107788, 0.3337418735027313, 0.33364686369895935, 0.31988874077796936, 0.291500449180603, 0.26458945870399475, 0.2644328474998474]
Fit spline Time: 0.14438844299316406
logp: 16.719743728637695 16.155540466308594 time: 1.76239013671875 iteration: 110 best: 110
Fit A: Time: 1.5872935791015625 Wasserstein Distance: [0.39773064851760864, 0.33082714676856995, 0.3151205778121948, 0.31091931462287903, 0.3098297715187073, 0.26584869623184204, 0.26381438970565796, 0.2634386718273163]
Fit spline Time: 0.14157647705078125
logp: 16.8204288482666 16.253477096557617 time: 1.785287618637085 iteration: 111 best: 111
Fit A: Time: 1.5562236328125 Wasserstein Distance: [0.3884240984916687, 0.34090614318847656, 0.31115904450416565, 0.30828744173049927, 0.30009159445762634, 0.2970596253871918, 0.2663014531135559, 0.26068705320358276]
Fit spline Time: 0.14291798400878905
logp: 16.927839279174805 16.355180740356445 time: 1.7495431900024414 iteration: 112 best: 112
Fit A: Time: 1.5560450439453124 Wasserstein Distance: [0.39231789112091064, 0.39175382256507874, 0.3286898136138916, 0.32466718554496765, 0.30587413907051086, 0.2775544822216034, 0.26498734951019287, 0.26366883516311646]
Fit spline Time: 0.14168634033203126
logp: 17.047807693481445 16.473817825317383 time: 1.7563481330871582 iteration: 113 best: 113
Fit A: Time: 1.560112548828125 Wasserstein Distance: [0.3506056070327759, 0.3499203026294708, 0.3363528549671173, 0.31699874997138977, 0.3134348690509796, 0.297204852104187, 0.26580628752708435, 0.25463274121284485]
Fit spline Time: 0.14168141174316407
logp: 17.176782608032227 16.600318908691406 time: 1.766861915588379 iteration: 114 best: 114
Fit A: Time: 1.5714033203125 Wasserstein Distance: [0.38627639412879944, 0.3265071213245392, 0.31854480504989624, 0.31517723202705383, 0.2787505090236664, 0.27235543727874756, 0.26079627871513367, 0.258152574300766]
Fit spline Time: 0.14108221435546875
logp: 17.2784366607666 16.69896125793457 time: 1.7631354331970215 iteration: 115 best: 115
Fit A: Time: 1.5627901611328125 Wasserstein Distance: [0.4242640733718872, 0.3837806284427643, 0.3440820574760437, 0.34103691577911377, 0.32247570157051086, 0.25942474603652954, 0.25663626194000244, 0.25108879804611206]
Fit spline Time: 0.13818687438964844
logp: 17.404190063476562 16.821144104003906 time: 1.7602133750915527 iteration: 116 best: 116
Fit A: Time: 1.5491314697265626 Wasserstein Distance: [0.37853294610977173, 0.3356754183769226, 0.3262692391872406, 0.3198918402194977, 0.3105926215648651, 0.2849350571632385, 0.2527182400226593, 0.25114405155181885]
Fit spline Time: 0.13762892150878905
logp: 17.50267219543457 16.91638946533203 time: 1.7429335117340088 iteration: 117 best: 117
Fit A: Time: 1.5888289794921875 Wasserstein Distance: [0.377462238073349, 0.3455798029899597, 0.336628794670105, 0.32971763610839844, 0.32225197553634644, 0.30419251322746277, 0.2855251729488373, 0.2610403299331665]
Fit spline Time: 0.13876681518554687
logp: 17.616273880004883 17.028974533081055 time: 1.778568983078003 iteration: 118 best: 118
Fit A: Time: 1.5609508056640624 Wasserstein Distance: [0.41165316104888916, 0.377846896648407, 0.3288837969303131, 0.3173688054084778, 0.2868984341621399, 0.2611055076122284, 0.24866065382957458, 0.24827547371387482]
Fit spline Time: 0.13975509643554687
logp: 17.70370101928711 17.110179901123047 time: 1.7690801620483398 iteration: 119 best: 119
Fit A: Time: 1.5682320556640625 Wasserstein Distance: [0.3784758150577545, 0.35050204396247864, 0.3344108462333679, 0.3257344365119934, 0.25998255610466003, 0.24763160943984985, 0.2457904815673828, 0.2456630915403366]
Fit spline Time: 0.14265782165527344
logp: 17.795461654663086 17.199186325073242 time: 1.7731246948242188 iteration: 120 best: 120
Fit A: Time: 1.5518702392578125 Wasserstein Distance: [0.37292689085006714, 0.32522934675216675, 0.31201064586639404, 0.28064507246017456, 0.2770610749721527, 0.2581765651702881, 0.25486934185028076, 0.2457704395055771]
Fit spline Time: 0.14151651000976562
logp: 17.887943267822266 17.28884506225586 time: 1.7438578605651855 iteration: 121 best: 121
Fit A: Time: 1.56276123046875 Wasserstein Distance: [0.36849385499954224, 0.3238290250301361, 0.31601449847221375, 0.3107014000415802, 0.3104362189769745, 0.25219544768333435, 0.24264541268348694, 0.2389545440673828]
Fit spline Time: 0.14078550720214844
logp: 17.967910766601562 17.366371154785156 time: 1.769639015197754 iteration: 122 best: 122
Fit A: Time: 1.5481510009765624 Wasserstein Distance: [0.36531686782836914, 0.32237106561660767, 0.31990575790405273, 0.3130987882614136, 0.31103065609931946, 0.2886033058166504, 0.287206768989563, 0.23807545006275177]
Fit spline Time: 0.14061651611328124
logp: 18.071725845336914 17.4663143157959 time: 1.7494289875030518 iteration: 123 best: 123
Fit A: Time: 1.5664464111328125 Wasserstein Distance: [0.36428090929985046, 0.3181126117706299, 0.3073960542678833, 0.29999420046806335, 0.2926914393901825, 0.2803839445114136, 0.23940977454185486, 0.23487821221351624]
Fit spline Time: 0.14063058471679687
logp: 18.183612823486328 17.574745178222656 time: 1.7565772533416748 iteration: 124 best: 124
Fit A: Time: 1.5294769287109375 Wasserstein Distance: [0.32980290055274963, 0.32398009300231934, 0.31520262360572815, 0.31114456057548523, 0.3099854588508606, 0.3056683838367462, 0.29930657148361206, 0.23528730869293213]
Fit spline Time: 0.13830543518066407
logp: 18.29346466064453 17.68425178527832 time: 1.7189128398895264 iteration: 125 best: 125
Fit A: Time: 1.5504107666015625 Wasserstein Distance: [0.3881518542766571, 0.37123245000839233, 0.2987819015979767, 0.297446608543396, 0.29310205578804016, 0.2790709435939789, 0.25764986872673035, 0.23576202988624573]
Fit spline Time: 0.13875479125976561
logp: 18.406625747680664 17.79221534729004 time: 1.7510178089141846 iteration: 126 best: 126
Fit A: Time: 1.54289501953125 Wasserstein Distance: [0.36767157912254333, 0.32298627495765686, 0.31355834007263184, 0.29599529504776, 0.2839503586292267, 0.24491731822490692, 0.24037772417068481, 0.23639808595180511]
Fit spline Time: 0.13829872131347656
logp: 18.50370216369629 17.888500213623047 time: 1.7300329208374023 iteration: 127 best: 127
Fit A: Time: 1.546188232421875 Wasserstein Distance: [0.3642611801624298, 0.30813488364219666, 0.3061479330062866, 0.30143946409225464, 0.2957243025302887, 0.2759808599948883, 0.23911148309707642, 0.23478813469409943]
Fit spline Time: 0.13721971130371094
logp: 18.604124069213867 17.98691177368164 time: 1.727297306060791 iteration: 128 best: 128
Fit A: Time: 1.6110010986328125 Wasserstein Distance: [0.3525582551956177, 0.33725976943969727, 0.31283244490623474, 0.2929529547691345, 0.2761722803115845, 0.27465319633483887, 0.2368227243423462, 0.23178300261497498]
Fit spline Time: 0.14163728332519532
logp: 18.71440887451172 18.09511947631836 time: 1.804316759109497 iteration: 129 best: 129
Fit A: Time: 1.582397705078125 Wasserstein Distance: [0.36457347869873047, 0.30676794052124023, 0.30102699995040894, 0.30000826716423035, 0.29410749673843384, 0.27214592695236206, 0.24152767658233643, 0.23080606758594513]
Fit spline Time: 0.14100338745117189
logp: 18.812419891357422 18.192138671875 time: 1.78422212600708 iteration: 130 best: 130
Fit A: Time: 1.5896697998046876 Wasserstein Distance: [0.3634936809539795, 0.2936533987522125, 0.2921251058578491, 0.2842049300670624, 0.2809446156024933, 0.2708204388618469, 0.2576249837875366, 0.22943353652954102]
Fit spline Time: 0.14008624267578124
logp: 18.922561645507812 18.298791885375977 time: 1.8012800216674805 iteration: 131 best: 131
Fit A: Time: 1.54440869140625 Wasserstein Distance: [0.32601264119148254, 0.3156903088092804, 0.2969655692577362, 0.29097476601600647, 0.28915977478027344, 0.25435125827789307, 0.23695792257785797, 0.23251236975193024]
Fit spline Time: 0.14012850952148437
logp: 19.015869140625 18.387855529785156 time: 1.745851993560791 iteration: 132 best: 132
Fit A: Time: 1.545740478515625 Wasserstein Distance: [0.36162418127059937, 0.354857861995697, 0.33038660883903503, 0.30356279015541077, 0.2832215428352356, 0.2620886564254761, 0.2612555921077728, 0.2582249939441681]
Fit spline Time: 0.13869474792480468
logp: 19.123939514160156 18.493125915527344 time: 1.7345190048217773 iteration: 133 best: 133
Fit A: Time: 1.5509033203125 Wasserstein Distance: [0.3552480936050415, 0.32133984565734863, 0.2837073802947998, 0.2826327383518219, 0.27081727981567383, 0.2595592439174652, 0.23503310978412628, 0.22477170825004578]
Fit spline Time: 0.14041751098632813
logp: 19.22222328186035 18.587247848510742 time: 1.7608122825622559 iteration: 134 best: 134
Fit A: Time: 1.697430908203125 Wasserstein Distance: [0.3542002737522125, 0.29295051097869873, 0.2823387682437897, 0.2811390459537506, 0.2688552737236023, 0.23770678043365479, 0.22980332374572754, 0.22788402438163757]
Fit spline Time: 0.1587965087890625
logp: 19.31605339050293 18.679014205932617 time: 1.9302124977111816 iteration: 135 best: 135
Fit A: Time: 1.685754638671875 Wasserstein Distance: [0.37807244062423706, 0.3506718873977661, 0.3071167767047882, 0.2978177070617676, 0.28245723247528076, 0.2788600027561188, 0.22789610922336578, 0.22195036709308624]
Fit spline Time: 0.15825074768066405
logp: 19.415735244750977 18.773578643798828 time: 1.9083895683288574 iteration: 136 best: 136
Fit A: Time: 1.6803154296875 Wasserstein Distance: [0.3430776596069336, 0.30594536662101746, 0.29495570063591003, 0.2853638827800751, 0.2691473662853241, 0.23189783096313477, 0.2281571477651596, 0.2204296737909317]
Fit spline Time: 0.15760882568359375
logp: 19.48871612548828 18.842594146728516 time: 1.91318941116333 iteration: 137 best: 137
Fit A: Time: 1.6217696533203125 Wasserstein Distance: [0.3567754328250885, 0.35065555572509766, 0.3481358587741852, 0.31322920322418213, 0.28174442052841187, 0.26382017135620117, 0.2631269097328186, 0.22527092695236206]
Fit spline Time: 0.14140028381347655
logp: 19.628320693969727 18.975067138671875 time: 1.815596342086792 iteration: 138 best: 138
Fit A: Time: 1.5759464111328125 Wasserstein Distance: [0.34301984310150146, 0.33512091636657715, 0.3034922182559967, 0.2927289605140686, 0.27975502610206604, 0.25889453291893005, 0.22833152115345, 0.21830806136131287]
Fit spline Time: 0.14175135803222655
logp: 19.700626373291016 19.0452880859375 time: 1.7725019454956055 iteration: 139 best: 139
Fit A: Time: 1.598364501953125 Wasserstein Distance: [0.3503398299217224, 0.33277878165245056, 0.27439364790916443, 0.2662237584590912, 0.2520906329154968, 0.2292069047689438, 0.22759555280208588, 0.21273058652877808]
Fit spline Time: 0.14201516723632812
logp: 19.80567741394043 19.14792251586914 time: 1.8037605285644531 iteration: 140 best: 140
Fit A: Time: 1.5722855224609376 Wasserstein Distance: [0.35924187302589417, 0.3447023034095764, 0.3228648602962494, 0.2832967936992645, 0.25888922810554504, 0.2420782595872879, 0.2365841120481491, 0.2177771031856537]
Fit spline Time: 0.14327664184570313
logp: 19.9135799407959 19.253355026245117 time: 1.7662312984466553 iteration: 141 best: 141
Fit A: Time: 1.5994468994140625 Wasserstein Distance: [0.3407006561756134, 0.3024296462535858, 0.2891950309276581, 0.266935259103775, 0.2634199559688568, 0.2512858510017395, 0.21814122796058655, 0.2130679488182068]
Fit spline Time: 0.14265650939941407
logp: 19.984176635742188 19.319957733154297 time: 1.7869899272918701 iteration: 142 best: 142
Fit A: Time: 1.5706873779296875 Wasserstein Distance: [0.3462573289871216, 0.3062964677810669, 0.30594056844711304, 0.26395711302757263, 0.26249220967292786, 0.22751861810684204, 0.2141409069299698, 0.21180424094200134]
Fit spline Time: 0.14217503356933595
logp: 20.07563591003418 19.411062240600586 time: 1.7610125541687012 iteration: 143 best: 143
Fit A: Time: 1.5739559326171875 Wasserstein Distance: [0.3397413492202759, 0.2972162663936615, 0.29618048667907715, 0.2706855237483978, 0.26445087790489197, 0.2568173110485077, 0.25342532992362976, 0.21565397083759308]
Fit spline Time: 0.1430762939453125
logp: 20.161495208740234 19.49798011779785 time: 1.7795977592468262 iteration: 144 best: 144
Fit A: Time: 1.5492623291015626 Wasserstein Distance: [0.3369290232658386, 0.29600822925567627, 0.270587295293808, 0.26429682970046997, 0.2535821497440338, 0.2497832328081131, 0.2414461076259613, 0.2164895236492157]
Fit spline Time: 0.14254374694824218
logp: 20.24785804748535 19.581514358520508 time: 1.7521138191223145 iteration: 145 best: 145
Fit A: Time: 1.546285888671875 Wasserstein Distance: [0.34053993225097656, 0.30991217494010925, 0.3047374486923218, 0.2847134470939636, 0.2683548331260681, 0.24412471055984497, 0.22262760996818542, 0.21223223209381104]
Fit spline Time: 0.14134002685546876
logp: 20.350162506103516 19.681961059570312 time: 1.7495360374450684 iteration: 146 best: 146
Fit A: Time: 1.551025146484375 Wasserstein Distance: [0.3367232382297516, 0.30936399102211, 0.28320440649986267, 0.25778496265411377, 0.23439869284629822, 0.22506453096866608, 0.21593384444713593, 0.20539291203022003]
Fit spline Time: 0.14161981201171875
logp: 20.42556381225586 19.754234313964844 time: 1.7484300136566162 iteration: 147 best: 147
Fit A: Time: 1.5550101318359375 Wasserstein Distance: [0.33941003680229187, 0.2938896417617798, 0.2897438704967499, 0.25764337182044983, 0.2546345293521881, 0.24433296918869019, 0.2177244871854782, 0.21082617342472076]
Fit spline Time: 0.14033177185058593
logp: 20.508785247802734 19.8339900970459 time: 1.7520043849945068 iteration: 148 best: 148
Fit A: Time: 1.5488067626953126 Wasserstein Distance: [0.33545592427253723, 0.29477113485336304, 0.28730180859565735, 0.2620382010936737, 0.25787413120269775, 0.22307078540325165, 0.20803247392177582, 0.20219705998897552]
Fit spline Time: 0.14117642211914064
logp: 20.586318969726562 19.90766143798828 time: 1.755674123764038 iteration: 149 best: 149
Fit A: Time: 1.5544600830078126 Wasserstein Distance: [0.33666038513183594, 0.32463669776916504, 0.28278377652168274, 0.2820667326450348, 0.27359455823898315, 0.24932293593883514, 0.2390754371881485, 0.20877864956855774]
Fit spline Time: 0.14063594055175782
logp: 20.67315673828125 19.9921932220459 time: 1.751438856124878 iteration: 150 best: 150
Fit A: Time: 1.5923797607421875 Wasserstein Distance: [0.3342726528644562, 0.26500338315963745, 0.25701239705085754, 0.2525402009487152, 0.24747580289840698, 0.24428705871105194, 0.21528807282447815, 0.20907418429851532]
Fit spline Time: 0.15620976257324218
logp: 20.758563995361328 20.07205581665039 time: 1.7983882427215576 iteration: 151 best: 151
Fit A: Time: 1.5677467041015625 Wasserstein Distance: [0.3275100588798523, 0.298105388879776, 0.28894945979118347, 0.28050869703292847, 0.2607325613498688, 0.24520237743854523, 0.2435920089483261, 0.20915494859218597]
Fit spline Time: 0.15131785583496093
logp: 20.813709259033203 20.124629974365234 time: 1.7741169929504395 iteration: 152 best: 152
Fit A: Time: 1.569110107421875 Wasserstein Distance: [0.3307610750198364, 0.32567495107650757, 0.28786954283714294, 0.2782420217990875, 0.24798041582107544, 0.2452274113893509, 0.20606662333011627, 0.19582919776439667]
Fit spline Time: 0.1423455352783203
logp: 20.88599395751953 20.193965911865234 time: 1.7668187618255615 iteration: 153 best: 153
Fit A: Time: 1.5676234130859374 Wasserstein Distance: [0.3289085924625397, 0.3032841384410858, 0.2765742242336273, 0.2760481536388397, 0.2414035052061081, 0.23078183829784393, 0.2041645348072052, 0.2039438635110855]
Fit spline Time: 0.14125132751464844
logp: 20.954227447509766 20.258420944213867 time: 1.7658226490020752 iteration: 154 best: 154
Fit A: Time: 1.5515111083984374 Wasserstein Distance: [0.326785147190094, 0.285375714302063, 0.275784969329834, 0.2669025659561157, 0.25076428055763245, 0.21293868124485016, 0.20661243796348572, 0.20326407253742218]
Fit spline Time: 0.1401321563720703
logp: 21.004709243774414 20.307470321655273 time: 1.7345566749572754 iteration: 155 best: 155
Fit A: Time: 1.555929931640625 Wasserstein Distance: [0.30732011795043945, 0.28412726521492004, 0.2806195318698883, 0.2768345773220062, 0.26525431871414185, 0.24566969275474548, 0.23433955013751984, 0.19992265105247498]
Fit spline Time: 0.14082194519042968
logp: 21.077505111694336 20.37944984436035 time: 1.7539458274841309 iteration: 156 best: 156
Fit A: Time: 1.54749951171875 Wasserstein Distance: [0.3277667462825775, 0.2823415994644165, 0.2710253596305847, 0.2493470162153244, 0.2463790625333786, 0.20072712004184723, 0.19829726219177246, 0.19608096778392792]
Fit spline Time: 0.14179673767089843
logp: 21.133657455444336 20.433809280395508 time: 1.7379143238067627 iteration: 157 best: 157
Fit A: Time: 1.5516868896484375 Wasserstein Distance: [0.3257063925266266, 0.28091686964035034, 0.27159473299980164, 0.2617391347885132, 0.2482057809829712, 0.24594646692276, 0.19715972244739532, 0.1921987533569336]
Fit spline Time: 0.14073382568359374
logp: 21.194866180419922 20.49183464050293 time: 1.7487561702728271 iteration: 158 best: 158
Fit A: Time: 1.550357421875 Wasserstein Distance: [0.29212310910224915, 0.2830922305583954, 0.27608731389045715, 0.274677574634552, 0.2663663923740387, 0.2655940055847168, 0.23536831140518188, 0.21806825697422028]
Fit spline Time: 0.14583232116699218
logp: 21.299463272094727 20.59663200378418 time: 1.75825834274292 iteration: 159 best: 159
Fit A: Time: 1.5602432861328126 Wasserstein Distance: [0.32298389077186584, 0.3212001919746399, 0.2803327739238739, 0.27700817584991455, 0.26269054412841797, 0.2520364820957184, 0.2103733867406845, 0.19770079851150513]
Fit spline Time: 0.14074844360351563
logp: 21.367176055908203 20.658832550048828 time: 1.7727758884429932 iteration: 160 best: 160
Fit A: Time: 1.5451844482421875 Wasserstein Distance: [0.32000732421875, 0.307466983795166, 0.27402037382125854, 0.26716405153274536, 0.2622443735599518, 0.23891766369342804, 0.2314966917037964, 0.19191791117191315]
Fit spline Time: 0.16703654479980468
logp: 21.452407836914062 20.744091033935547 time: 1.788851022720337 iteration: 161 best: 161
Fit A: Time: 1.5611395263671874 Wasserstein Distance: [0.3128754198551178, 0.27152159810066223, 0.26596799492836, 0.2654428482055664, 0.24743534624576569, 0.2343740463256836, 0.23034623265266418, 0.20088566839694977]
Fit spline Time: 0.14191014099121094
logp: 21.513193130493164 20.803691864013672 time: 1.7499885559082031 iteration: 162 best: 162
Fit A: Time: 1.6064801025390625 Wasserstein Distance: [0.333832710981369, 0.318168580532074, 0.2869436740875244, 0.27399778366088867, 0.26744288206100464, 0.26485228538513184, 0.23770961165428162, 0.22367286682128906]
Fit spline Time: 0.13950099182128906
logp: 21.62711524963379 20.914220809936523 time: 1.8172852993011475 iteration: 163 best: 163
Fit A: Time: 1.5432733154296876 Wasserstein Distance: [0.3180728852748871, 0.30555036664009094, 0.2759021818637848, 0.275100439786911, 0.2729789614677429, 0.2421882003545761, 0.211391419172287, 0.18971215188503265]
Fit spline Time: 0.13871568298339843
logp: 21.70551300048828 20.990245819091797 time: 1.7430460453033447 iteration: 164 best: 164
Fit A: Time: 1.5571822509765625 Wasserstein Distance: [0.305016428232193, 0.26854443550109863, 0.2658897638320923, 0.24579313397407532, 0.24256782233715057, 0.2379375845193863, 0.19653478264808655, 0.19489818811416626]
Fit spline Time: 0.13933984375
logp: 21.764007568359375 21.04331398010254 time: 1.7507991790771484 iteration: 165 best: 165
Fit A: Time: 1.53726416015625 Wasserstein Distance: [0.3127204477787018, 0.26875150203704834, 0.2639986276626587, 0.2549108862876892, 0.2464732676744461, 0.22419025003910065, 0.20903417468070984, 0.19507968425750732]
Fit spline Time: 0.13794361877441405
logp: 21.820825576782227 21.10149574279785 time: 1.739849328994751 iteration: 166 best: 166
